2021-07-15 11:56:24.705  INFO [order-service,,] 9620 --- [restartedMain] .e.DevToolsPropertyDefaultsPostProcessor : Devtools property defaults active! Set 'spring.devtools.add-properties' to 'false' to disable
2021-07-15 11:56:25.297  INFO [order-service,,] 9620 --- [restartedMain] c.c.c.ConfigServicePropertySourceLocator : Fetching config from server at : http://localhost:9090
2021-07-15 11:56:25.770  INFO [order-service,,] 9620 --- [restartedMain] c.c.c.ConfigServicePropertySourceLocator : Located environment: name=order-service, profiles=[default], label=null, version=5f7dfff238b1672a7bdcddaaaaecf124a49813c6, state=null
2021-07-15 11:56:25.771  INFO [order-service,,] 9620 --- [restartedMain] b.c.PropertySourceBootstrapConfiguration : Located property source: [BootstrapPropertySource {name='bootstrapProperties-configClient'}, BootstrapPropertySource {name='bootstrapProperties-https://github.com/dnilay/config-server-repo.git/file:C:\Users\001Z84~1\AppData\Local\Temp\config-repo-1902254076798169536\application.yml'}]
2021-07-15 11:56:25.789  INFO [order-service,,] 9620 --- [restartedMain] c.example.demo.OrderServiceApplication   : No active profile set, falling back to default profiles: default
2021-07-15 11:56:26.676  INFO [order-service,,] 9620 --- [restartedMain] .s.d.r.c.RepositoryConfigurationDelegate : Bootstrapping Spring Data MongoDB repositories in DEFAULT mode.
2021-07-15 11:56:26.802  INFO [order-service,,] 9620 --- [restartedMain] .s.d.r.c.RepositoryConfigurationDelegate : Finished Spring Data repository scanning in 122 ms. Found 1 MongoDB repository interfaces.
2021-07-15 11:56:27.065  INFO [order-service,,] 9620 --- [restartedMain] o.s.cloud.context.scope.GenericScope     : BeanFactory id=37b56f30-0c45-30ed-9212-df183fd700e5
2021-07-15 11:56:27.873  INFO [order-service,,] 9620 --- [restartedMain] o.s.b.w.embedded.tomcat.TomcatWebServer  : Tomcat initialized with port(s): 0 (http)
2021-07-15 11:56:27.884  INFO [order-service,,] 9620 --- [restartedMain] o.apache.catalina.core.StandardService   : Starting service [Tomcat]
2021-07-15 11:56:27.884  INFO [order-service,,] 9620 --- [restartedMain] org.apache.catalina.core.StandardEngine  : Starting Servlet engine: [Apache Tomcat/9.0.48]
2021-07-15 11:56:28.019  INFO [order-service,,] 9620 --- [restartedMain] o.a.c.c.C.[Tomcat].[localhost].[/]       : Initializing Spring embedded WebApplicationContext
2021-07-15 11:56:28.019  INFO [order-service,,] 9620 --- [restartedMain] w.s.c.ServletWebServerApplicationContext : Root WebApplicationContext: initialization completed in 2218 ms
2021-07-15 11:56:29.048  WARN [order-service,,] 9620 --- [restartedMain] o.s.c.s.a.z.ZipkinAutoConfiguration      : Check result of the [RestTemplateSender{http://localhost:9411/api/v2/spans}] contains an error [CheckResult{ok=false, error=org.springframework.web.client.ResourceAccessException: I/O error on POST request for "http://localhost:9411/api/v2/spans": Connect timed out; nested exception is java.net.SocketTimeoutException: Connect timed out}]
2021-07-15 11:56:29.273  INFO [order-service,,] 9620 --- [restartedMain] org.mongodb.driver.cluster               : Cluster created with settings {hosts=[localhost:27017], mode=SINGLE, requiredClusterType=UNKNOWN, serverSelectionTimeout='30000 ms'}
2021-07-15 11:56:29.339  INFO [order-service,,] 9620 --- [cluster-rtt-ClusterId{value='60efd51566bff22fdede4c9f', description='null'}-localhost:27017] org.mongodb.driver.connection            : Opened connection [connectionId{localValue:2, serverValue:1}] to localhost:27017
2021-07-15 11:56:29.339  INFO [order-service,,] 9620 --- [cluster-ClusterId{value='60efd51566bff22fdede4c9f', description='null'}-localhost:27017] org.mongodb.driver.connection            : Opened connection [connectionId{localValue:1, serverValue:2}] to localhost:27017
2021-07-15 11:56:29.340  INFO [order-service,,] 9620 --- [cluster-ClusterId{value='60efd51566bff22fdede4c9f', description='null'}-localhost:27017] org.mongodb.driver.cluster               : Monitor thread successfully connected to server with description ServerDescription{address=localhost:27017, type=STANDALONE, state=CONNECTED, ok=true, minWireVersion=0, maxWireVersion=9, maxDocumentSize=16777216, logicalSessionTimeoutMinutes=30, roundTripTimeNanos=21281800}
2021-07-15 11:56:29.390  WARN [order-service,,] 9620 --- [restartedMain] o.s.data.convert.CustomConversions       : Registering converter from class java.time.LocalDateTime to class org.joda.time.LocalDateTime as reading converter although it doesn't convert from a store-supported type! You might want to check your annotation setup at the converter implementation.
2021-07-15 11:56:29.453  WARN [order-service,,] 9620 --- [restartedMain] o.s.data.convert.CustomConversions       : Registering converter from class java.time.LocalDateTime to class org.joda.time.LocalDateTime as reading converter although it doesn't convert from a store-supported type! You might want to check your annotation setup at the converter implementation.
2021-07-15 11:56:30.029  WARN [order-service,,] 9620 --- [restartedMain] o.s.b.d.a.OptionalLiveReloadServer       : Unable to start LiveReload server
2021-07-15 11:56:31.339  INFO [order-service,,] 9620 --- [restartedMain] DiscoveryClientOptionalArgsConfiguration : Eureka HTTP Client uses RestTemplate.
2021-07-15 11:56:31.444  WARN [order-service,,] 9620 --- [restartedMain] iguration$LoadBalancerCaffeineWarnLogger : Spring Cloud LoadBalancer is currently working with the default cache. You can switch to using Caffeine cache, by adding it and org.springframework.cache.caffeine.CaffeineCacheManager to the classpath.
2021-07-15 11:56:31.534  INFO [order-service,,] 9620 --- [restartedMain] o.s.b.a.e.web.EndpointLinksResolver      : Exposing 2 endpoint(s) beneath base path '/actuator'
2021-07-15 11:56:31.663  INFO [order-service,,] 9620 --- [restartedMain] o.s.b.w.embedded.tomcat.TomcatWebServer  : Tomcat started on port(s): 53682 (http) with context path ''
2021-07-15 11:56:31.664  INFO [order-service,,] 9620 --- [restartedMain] .s.c.n.e.s.EurekaAutoServiceRegistration : Updating port to 53682
2021-07-15 11:56:31.669  INFO [order-service,,] 9620 --- [restartedMain] o.s.c.n.eureka.InstanceInfoFactory       : Setting initial instance status as: STARTING
2021-07-15 11:56:31.722  INFO [order-service,,] 9620 --- [restartedMain] com.netflix.discovery.DiscoveryClient    : Initializing Eureka in region us-east-1
2021-07-15 11:56:31.728  INFO [order-service,,] 9620 --- [restartedMain] c.n.d.s.r.aws.ConfigClusterResolver      : Resolving eureka endpoints via configuration
2021-07-15 11:56:31.759  INFO [order-service,,] 9620 --- [restartedMain] com.netflix.discovery.DiscoveryClient    : Disable delta property : false
2021-07-15 11:56:31.759  INFO [order-service,,] 9620 --- [restartedMain] com.netflix.discovery.DiscoveryClient    : Single vip registry refresh property : null
2021-07-15 11:56:31.759  INFO [order-service,,] 9620 --- [restartedMain] com.netflix.discovery.DiscoveryClient    : Force full registry fetch : false
2021-07-15 11:56:31.759  INFO [order-service,,] 9620 --- [restartedMain] com.netflix.discovery.DiscoveryClient    : Application is null : false
2021-07-15 11:56:31.759  INFO [order-service,,] 9620 --- [restartedMain] com.netflix.discovery.DiscoveryClient    : Registered Applications size is zero : true
2021-07-15 11:56:31.759  INFO [order-service,,] 9620 --- [restartedMain] com.netflix.discovery.DiscoveryClient    : Application version is -1: true
2021-07-15 11:56:31.760  INFO [order-service,,] 9620 --- [restartedMain] com.netflix.discovery.DiscoveryClient    : Getting all instance registry info from the eureka server
2021-07-15 11:56:31.863  INFO [order-service,,] 9620 --- [restartedMain] com.netflix.discovery.DiscoveryClient    : The response status is 200
2021-07-15 11:56:31.870  INFO [order-service,,] 9620 --- [restartedMain] com.netflix.discovery.DiscoveryClient    : Starting heartbeat executor: renew interval is: 30
2021-07-15 11:56:31.877  INFO [order-service,,] 9620 --- [restartedMain] c.n.discovery.InstanceInfoReplicator     : InstanceInfoReplicator onDemand update allowed rate per min is 4
2021-07-15 11:56:31.891  INFO [order-service,,] 9620 --- [restartedMain] com.netflix.discovery.DiscoveryClient    : Discovery Client initialized at timestamp 1626330391890 with initial instances count: 2
2021-07-15 11:56:31.899  INFO [order-service,,] 9620 --- [restartedMain] o.s.c.n.e.s.EurekaServiceRegistry        : Registering application ORDER-SERVICE with eureka with status UP
2021-07-15 11:56:31.900  INFO [order-service,,] 9620 --- [restartedMain] com.netflix.discovery.DiscoveryClient    : Saw local status change event StatusChangeEvent [timestamp=1626330391900, current=UP, previous=STARTING]
2021-07-15 11:56:31.903  INFO [order-service,,] 9620 --- [DiscoveryClient-InstanceInfoReplicator-0] com.netflix.discovery.DiscoveryClient    : DiscoveryClient_ORDER-SERVICE/order-service:616060af25736eb55c92b703d89af65c: registering service...
2021-07-15 11:56:31.945  INFO [order-service,,] 9620 --- [DiscoveryClient-InstanceInfoReplicator-0] com.netflix.discovery.DiscoveryClient    : DiscoveryClient_ORDER-SERVICE/order-service:616060af25736eb55c92b703d89af65c - registration status: 204
2021-07-15 11:56:32.071  INFO [order-service,,] 9620 --- [restartedMain] c.example.demo.OrderServiceApplication   : Started OrderServiceApplication in 8.022 seconds (JVM running for 8.854)
2021-07-15 11:56:36.207  WARN [order-service,,] 9620 --- [registrationTask1] d.c.b.a.c.r.ApplicationRegistrator       : Failed to register application as Application(name=order-service, managementUrl=http://host.docker.internal:53682/actuator, healthUrl=http://host.docker.internal:53682/actuator/health, serviceUrl=http://host.docker.internal:53682/) at spring-boot-admin ([http://admin:admin@localhost:8888//instances]): I/O error on POST request for "http://admin:admin@localhost:8888/instances": Connect to localhost:8888 [localhost/127.0.0.1, localhost/0:0:0:0:0:0:0:1] failed: Connection refused: no further information; nested exception is org.apache.http.conn.HttpHostConnectException: Connect to localhost:8888 [localhost/127.0.0.1, localhost/0:0:0:0:0:0:0:1] failed: Connection refused: no further information. Further attempts are logged on DEBUG level
2021-07-15 12:01:31.767  INFO [order-service,,] 9620 --- [AsyncResolver-bootstrap-executor-0] c.n.d.s.r.aws.ConfigClusterResolver      : Resolving eureka endpoints via configuration
2021-07-15 12:06:31.779  INFO [order-service,,] 9620 --- [AsyncResolver-bootstrap-executor-0] c.n.d.s.r.aws.ConfigClusterResolver      : Resolving eureka endpoints via configuration
2021-07-15 12:11:31.790  INFO [order-service,,] 9620 --- [AsyncResolver-bootstrap-executor-0] c.n.d.s.r.aws.ConfigClusterResolver      : Resolving eureka endpoints via configuration
2021-07-15 12:16:31.803  INFO [order-service,,] 9620 --- [AsyncResolver-bootstrap-executor-0] c.n.d.s.r.aws.ConfigClusterResolver      : Resolving eureka endpoints via configuration
2021-07-15 12:21:31.806  INFO [order-service,,] 9620 --- [AsyncResolver-bootstrap-executor-0] c.n.d.s.r.aws.ConfigClusterResolver      : Resolving eureka endpoints via configuration
2021-07-15 12:26:31.809  INFO [order-service,,] 9620 --- [AsyncResolver-bootstrap-executor-0] c.n.d.s.r.aws.ConfigClusterResolver      : Resolving eureka endpoints via configuration
2021-07-15 12:31:31.812  INFO [order-service,,] 9620 --- [AsyncResolver-bootstrap-executor-0] c.n.d.s.r.aws.ConfigClusterResolver      : Resolving eureka endpoints via configuration
2021-07-15 12:36:31.822  INFO [order-service,,] 9620 --- [AsyncResolver-bootstrap-executor-0] c.n.d.s.r.aws.ConfigClusterResolver      : Resolving eureka endpoints via configuration
2021-07-15 12:41:31.832  INFO [order-service,,] 9620 --- [AsyncResolver-bootstrap-executor-0] c.n.d.s.r.aws.ConfigClusterResolver      : Resolving eureka endpoints via configuration
2021-07-15 12:46:31.839  INFO [order-service,,] 9620 --- [AsyncResolver-bootstrap-executor-0] c.n.d.s.r.aws.ConfigClusterResolver      : Resolving eureka endpoints via configuration
2021-07-15 12:51:31.849  INFO [order-service,,] 9620 --- [AsyncResolver-bootstrap-executor-0] c.n.d.s.r.aws.ConfigClusterResolver      : Resolving eureka endpoints via configuration
2021-07-15 12:56:31.856  INFO [order-service,,] 9620 --- [AsyncResolver-bootstrap-executor-0] c.n.d.s.r.aws.ConfigClusterResolver      : Resolving eureka endpoints via configuration
2021-07-15 13:01:31.862  INFO [order-service,,] 9620 --- [AsyncResolver-bootstrap-executor-0] c.n.d.s.r.aws.ConfigClusterResolver      : Resolving eureka endpoints via configuration
2021-07-15 13:06:31.876  INFO [order-service,,] 9620 --- [AsyncResolver-bootstrap-executor-0] c.n.d.s.r.aws.ConfigClusterResolver      : Resolving eureka endpoints via configuration
2021-07-15 13:11:31.879  INFO [order-service,,] 9620 --- [AsyncResolver-bootstrap-executor-0] c.n.d.s.r.aws.ConfigClusterResolver      : Resolving eureka endpoints via configuration
2021-07-15 13:16:31.884  INFO [order-service,,] 9620 --- [AsyncResolver-bootstrap-executor-0] c.n.d.s.r.aws.ConfigClusterResolver      : Resolving eureka endpoints via configuration
2021-07-15 13:21:31.888  INFO [order-service,,] 9620 --- [AsyncResolver-bootstrap-executor-0] c.n.d.s.r.aws.ConfigClusterResolver      : Resolving eureka endpoints via configuration
2021-07-15 13:26:31.888  INFO [order-service,,] 9620 --- [AsyncResolver-bootstrap-executor-0] c.n.d.s.r.aws.ConfigClusterResolver      : Resolving eureka endpoints via configuration
2021-07-15 13:31:31.893  INFO [order-service,,] 9620 --- [AsyncResolver-bootstrap-executor-0] c.n.d.s.r.aws.ConfigClusterResolver      : Resolving eureka endpoints via configuration
2021-07-15 13:36:31.894  INFO [order-service,,] 9620 --- [AsyncResolver-bootstrap-executor-0] c.n.d.s.r.aws.ConfigClusterResolver      : Resolving eureka endpoints via configuration
2021-07-15 13:41:31.911  INFO [order-service,,] 9620 --- [AsyncResolver-bootstrap-executor-0] c.n.d.s.r.aws.ConfigClusterResolver      : Resolving eureka endpoints via configuration
2021-07-15 13:46:31.915  INFO [order-service,,] 9620 --- [AsyncResolver-bootstrap-executor-0] c.n.d.s.r.aws.ConfigClusterResolver      : Resolving eureka endpoints via configuration
2021-07-15 13:51:31.929  INFO [order-service,,] 9620 --- [AsyncResolver-bootstrap-executor-0] c.n.d.s.r.aws.ConfigClusterResolver      : Resolving eureka endpoints via configuration
2021-07-15 13:56:31.941  INFO [order-service,,] 9620 --- [AsyncResolver-bootstrap-executor-0] c.n.d.s.r.aws.ConfigClusterResolver      : Resolving eureka endpoints via configuration
2021-07-15 14:01:31.953  INFO [order-service,,] 9620 --- [AsyncResolver-bootstrap-executor-0] c.n.d.s.r.aws.ConfigClusterResolver      : Resolving eureka endpoints via configuration
2021-07-15 14:06:31.959  INFO [order-service,,] 9620 --- [AsyncResolver-bootstrap-executor-0] c.n.d.s.r.aws.ConfigClusterResolver      : Resolving eureka endpoints via configuration
2021-07-15 14:11:31.961  INFO [order-service,,] 9620 --- [AsyncResolver-bootstrap-executor-0] c.n.d.s.r.aws.ConfigClusterResolver      : Resolving eureka endpoints via configuration
2021-07-15 14:16:31.962  INFO [order-service,,] 9620 --- [AsyncResolver-bootstrap-executor-0] c.n.d.s.r.aws.ConfigClusterResolver      : Resolving eureka endpoints via configuration
2021-07-15 14:21:31.979  INFO [order-service,,] 9620 --- [AsyncResolver-bootstrap-executor-0] c.n.d.s.r.aws.ConfigClusterResolver      : Resolving eureka endpoints via configuration
2021-07-15 14:26:31.992  INFO [order-service,,] 9620 --- [AsyncResolver-bootstrap-executor-0] c.n.d.s.r.aws.ConfigClusterResolver      : Resolving eureka endpoints via configuration
2021-07-15 14:29:44.743  INFO [order-service,,] 9620 --- [RMI TCP Connection(162)-127.0.0.1] o.a.c.c.C.[Tomcat].[localhost].[/]       : Initializing Spring DispatcherServlet 'dispatcherServlet'
2021-07-15 14:29:44.744  INFO [order-service,,] 9620 --- [RMI TCP Connection(162)-127.0.0.1] o.s.web.servlet.DispatcherServlet        : Initializing Servlet 'dispatcherServlet'
2021-07-15 14:29:44.763  INFO [order-service,,] 9620 --- [RMI TCP Connection(162)-127.0.0.1] o.s.web.servlet.DispatcherServlet        : Completed initialization in 9 ms
2021-07-15 14:31:31.993  INFO [order-service,,] 9620 --- [AsyncResolver-bootstrap-executor-0] c.n.d.s.r.aws.ConfigClusterResolver      : Resolving eureka endpoints via configuration
2021-07-15 14:31:42.524  INFO [order-service,,] 9620 --- [RMI TCP Connection(165)-127.0.0.1] inMXBeanRegistrar$SpringApplicationAdmin : Application shutdown requested.
2021-07-15 14:31:42.528  INFO [order-service,,] 9620 --- [RMI TCP Connection(165)-127.0.0.1] o.s.c.n.e.s.EurekaServiceRegistry        : Unregistering application ORDER-SERVICE with eureka with status DOWN
2021-07-15 14:31:42.528  INFO [order-service,,] 9620 --- [RMI TCP Connection(165)-127.0.0.1] com.netflix.discovery.DiscoveryClient    : Saw local status change event StatusChangeEvent [timestamp=1626339702528, current=DOWN, previous=UP]
2021-07-15 14:31:42.528  INFO [order-service,,] 9620 --- [DiscoveryClient-InstanceInfoReplicator-0] com.netflix.discovery.DiscoveryClient    : DiscoveryClient_ORDER-SERVICE/order-service:616060af25736eb55c92b703d89af65c: registering service...
2021-07-15 14:31:42.537  INFO [order-service,,] 9620 --- [DiscoveryClient-InstanceInfoReplicator-0] com.netflix.discovery.DiscoveryClient    : DiscoveryClient_ORDER-SERVICE/order-service:616060af25736eb55c92b703d89af65c - registration status: 204
2021-07-15 14:31:42.554  INFO [order-service,,] 9620 --- [RMI TCP Connection(165)-127.0.0.1] o.apache.catalina.core.StandardService   : Stopping service [Tomcat]
2021-07-15 14:31:42.555  INFO [order-service,,] 9620 --- [RMI TCP Connection(165)-127.0.0.1] o.a.c.c.C.[Tomcat].[localhost].[/]       : Destroying Spring FrameworkServlet 'dispatcherServlet'
2021-07-15 14:31:42.566  WARN [order-service,,] 9620 --- [RMI TCP Connection(165)-127.0.0.1] o.a.c.loader.WebappClassLoaderBase       : The web application [ROOT] appears to have started a thread named [cluster-ClusterId{value='60efd51566bff22fdede4c9f', description='null'}-localhost:27017] but has failed to stop it. This is very likely to create a memory leak. Stack trace of thread:
 java.base@15.0.2/sun.nio.ch.Net.poll(Native Method)
 java.base@15.0.2/sun.nio.ch.NioSocketImpl.park(NioSocketImpl.java:181)
 java.base@15.0.2/sun.nio.ch.NioSocketImpl.timedRead(NioSocketImpl.java:285)
 java.base@15.0.2/sun.nio.ch.NioSocketImpl.implRead(NioSocketImpl.java:309)
 java.base@15.0.2/sun.nio.ch.NioSocketImpl.read(NioSocketImpl.java:350)
 java.base@15.0.2/sun.nio.ch.NioSocketImpl$1.read(NioSocketImpl.java:803)
 java.base@15.0.2/java.net.Socket$SocketInputStream.read(Socket.java:981)
 app//com.mongodb.internal.connection.SocketStream.read(SocketStream.java:109)
 app//com.mongodb.internal.connection.SocketStream.read(SocketStream.java:131)
 app//com.mongodb.internal.connection.InternalStreamConnection.receiveResponseBuffers(InternalStreamConnection.java:648)
 app//com.mongodb.internal.connection.InternalStreamConnection.receiveMessageWithAdditionalTimeout(InternalStreamConnection.java:513)
 app//com.mongodb.internal.connection.InternalStreamConnection.receiveCommandMessageResponse(InternalStreamConnection.java:356)
 app//com.mongodb.internal.connection.InternalStreamConnection.receive(InternalStreamConnection.java:316)
 app//com.mongodb.internal.connection.DefaultServerMonitor$ServerMonitorRunnable.lookupServerDescription(DefaultServerMonitor.java:215)
 app//com.mongodb.internal.connection.DefaultServerMonitor$ServerMonitorRunnable.run(DefaultServerMonitor.java:144)
 java.base@15.0.2/java.lang.Thread.run(Thread.java:832)
2021-07-15 14:31:42.567  WARN [order-service,,] 9620 --- [RMI TCP Connection(165)-127.0.0.1] o.a.c.loader.WebappClassLoaderBase       : The web application [ROOT] appears to have started a thread named [cluster-rtt-ClusterId{value='60efd51566bff22fdede4c9f', description='null'}-localhost:27017] but has failed to stop it. This is very likely to create a memory leak. Stack trace of thread:
 java.base@15.0.2/java.lang.Thread.sleep(Native Method)
 app//com.mongodb.internal.connection.DefaultServerMonitor.waitForNext(DefaultServerMonitor.java:435)
 app//com.mongodb.internal.connection.DefaultServerMonitor.access$1300(DefaultServerMonitor.java:57)
 app//com.mongodb.internal.connection.DefaultServerMonitor$RoundTripTimeRunnable.run(DefaultServerMonitor.java:409)
 java.base@15.0.2/java.lang.Thread.run(Thread.java:832)
2021-07-15 14:31:42.567  WARN [order-service,,] 9620 --- [RMI TCP Connection(165)-127.0.0.1] o.a.c.loader.WebappClassLoaderBase       : The web application [ROOT] appears to have started a thread named [spring.cloud.inetutils] but has failed to stop it. This is very likely to create a memory leak. Stack trace of thread:
 java.base@15.0.2/jdk.internal.misc.Unsafe.park(Native Method)
 java.base@15.0.2/java.util.concurrent.locks.LockSupport.park(LockSupport.java:341)
 java.base@15.0.2/java.util.concurrent.locks.AbstractQueuedSynchronizer$ConditionNode.block(AbstractQueuedSynchronizer.java:505)
 java.base@15.0.2/java.util.concurrent.ForkJoinPool.managedBlock(ForkJoinPool.java:3137)
 java.base@15.0.2/java.util.concurrent.locks.AbstractQueuedSynchronizer$ConditionObject.await(AbstractQueuedSynchronizer.java:1614)
 java.base@15.0.2/java.util.concurrent.LinkedBlockingQueue.take(LinkedBlockingQueue.java:435)
 java.base@15.0.2/java.util.concurrent.ThreadPoolExecutor.getTask(ThreadPoolExecutor.java:1056)
 java.base@15.0.2/java.util.concurrent.ThreadPoolExecutor.runWorker(ThreadPoolExecutor.java:1116)
 java.base@15.0.2/java.util.concurrent.ThreadPoolExecutor$Worker.run(ThreadPoolExecutor.java:630)
 java.base@15.0.2/java.lang.Thread.run(Thread.java:832)
2021-07-15 14:31:43.593  WARN [order-service,,] 9620 --- [RMI TCP Connection(165)-127.0.0.1] z.r.AsyncReporter$BoundedAsyncReporter   : Timed out waiting for in-flight spans to send
2021-07-15 14:31:43.597  INFO [order-service,,] 9620 --- [RMI TCP Connection(165)-127.0.0.1] com.netflix.discovery.DiscoveryClient    : Shutting down DiscoveryClient ...
2021-07-15 14:31:46.609  INFO [order-service,,] 9620 --- [RMI TCP Connection(165)-127.0.0.1] com.netflix.discovery.DiscoveryClient    : Unregistering ...
2021-07-15 14:31:46.615  INFO [order-service,,] 9620 --- [RMI TCP Connection(165)-127.0.0.1] com.netflix.discovery.DiscoveryClient    : DiscoveryClient_ORDER-SERVICE/order-service:616060af25736eb55c92b703d89af65c - deregister  status: 200
2021-07-15 14:31:46.658  INFO [order-service,,] 9620 --- [RMI TCP Connection(165)-127.0.0.1] com.netflix.discovery.DiscoveryClient    : Completed shut down of DiscoveryClient
